Dumping all dev assets.
Debug mode is on.

12:46:42 [file+] C:\Users\Michelangelo\LavoroSegreteria\app/../web/assetic/jquery_js.js
12:46:42 [file+] C:\Users\Michelangelo\LavoroSegreteria\app/../web/assetic/jquery_js_jquery.min_1.js
12:46:42 [file+] C:\Users\Michelangelo\LavoroSegreteria\app/../web/assetic/bootstrap_js.js
12:46:42 [file+] C:\Users\Michelangelo\LavoroSegreteria\app/../web/assetic/bootstrap_js_transition_1.js
12:46:42 [file+] C:\Users\Michelangelo\LavoroSegreteria\app/../web/assetic/bootstrap_js_alert_2.js
12:46:42 [file+] C:\Users\Michelangelo\LavoroSegreteria\app/../web/assetic/bootstrap_js_modal_3.js
12:46:42 [file+] C:\Users\Michelangelo\LavoroSegreteria\app/../web/assetic/bootstrap_js_dropdown_4.js
12:46:42 [file+] C:\Users\Michelangelo\LavoroSegreteria\app/../web/assetic/bootstrap_js_scrollspy_5.js
12:46:42 [file+] C:\Users\Michelangelo\LavoroSegreteria\app/../web/assetic/bootstrap_js_tab_6.js
12:46:42 [file+] C:\Users\Michelangelo\LavoroSegreteria\app/../web/assetic/bootstrap_js_tooltip_7.js
12:46:42 [file+] C:\Users\Michelangelo\LavoroSegreteria\app/../web/assetic/bootstrap_js_popover_8.js
12:46:42 [file+] C:\Users\Michelangelo\LavoroSegreteria\app/../web/assetic/bootstrap_js_button_9.js
12:46:42 [file+] C:\Users\Michelangelo\LavoroSegreteria\app/../web/assetic/bootstrap_js_collapse_10.js
12:46:42 [file+] C:\Users\Michelangelo\LavoroSegreteria\app/../web/assetic/bootstrap_js_carousel_11.js
12:46:42 [file+] C:\Users\Michelangelo\LavoroSegreteria\app/../web/assetic/bootstrap_js_affix_12.js
12:46:42 [file+] C:\Users\Michelangelo\LavoroSegreteria\app/../web/assetic/bootstrap_less.less
12:46:43 [file+] C:\Users\Michelangelo\LavoroSegreteria\app/../web/assetic/bootstrap_less_bootstrap_1.less
12:46:44 [dir+] C:\Users\Michelangelo\LavoroSegreteria\app/../web/css
12:46:44 [file+] C:\Users\Michelangelo\LavoroSegreteria\app/../web/css/425e28c.css
12:46:45 [dir+] C:\Users\Michelangelo\LavoroSegreteria\app/../web/js
12:46:45 [file+] C:\Users\Michelangelo\LavoroSegreteria\app/../web/js/06837fc.js
